{
  "RSpec": {
    "coverage": {
      "/Users/katdownes/Projects/bank_tech_test/spec/account_spec.rb": [
        1,
        null,
        1,
        4,
        3,
        null,
        1,
        1,
        null,
        null,
        1,
        4,
        null,
        null,
        1,
        4,
        null,
        null
      ],
      "/Users/katdownes/Projects/bank_tech_test/lib/account.rb": [
        1,
        null,
        1,
        null,
        1,
        3,
        null,
        null,
        1,
        1,
        null,
        null,
        1,
        1,
        null,
        null,
        null
      ]
    },
    "timestamp": 1504535902
  }
}
