{
  "RSpec": {
    "coverage": {
      "/Users/katdownes/Projects/bank_tech_test/spec/account_spec.rb": [
        1,
        6,
        3,
        6,
        6,
        null,
        1,
        1,
        null,
        null,
        1,
        1,
        null,
        null,
        1,
        1,
        null,
        null,
        1,
        4,
        null,
        null,
        1,
        4,
        null,
        null
      ],
      "/Users/katdownes/Projects/bank_tech_test/spec/bank_spec.rb": [
        1,
        null,
        4,
        4,
        4,
        2,
        null,
        null,
        1,
        1,
        1,
        null,
        null,
        1,
        1,
        null,
        null,
        1,
        1,
        1,
        null,
        null
      ]
    },
    "timestamp": 1504543214
  }
}
